<?xml version="1.0" encoding="UTF-8"?>
<testsuite name="Consultar Oferta de empleo" tests="1" skipped="0" failures="0" errors="0" timestamp="2021-07-22T07:12:12" hostname="LAPTOP-3I14U6IK" time="30.497">
  <properties/>
  <testcase name="consulta de Empleo" classname="Consultar Oferta de empleo" time="30.497"/>
  <system-out><![CDATA[Main Tap: CDwindow-A99D257C2A9E16E87E55A4E40EF41EA0
-- handles ID: CDwindow-A99D257C2A9E16E87E55A4E40EF41EA0
-- handles ID: CDwindow-89EEA98CE20EFD04158344663E9B9F67
Changing Tab -- 
Analista de Pruebas Funcionales
]]></system-out>
  <system-err><![CDATA[jul 22, 2021 2:12:13 AM org.openqa.selenium.remote.DesiredCapabilities chrome
INFORMACIÓN: Using `new ChromeOptions()` is preferred to `DesiredCapabilities.chrome()`
Starting ChromeDriver 90.0.4430.24 (4c6d850f087da467d926e8eddb76550aed655991-refs/branch-heads/4430@{#429}) on port 1256
Only local connections are allowed.
Please see https://chromedriver.chromium.org/security-considerations for suggestions on keeping ChromeDriver safe.
ChromeDriver was started successfully.
[1626937936.342][WARNING]: This version of ChromeDriver has not been tested with Chrome version 91.
jul 22, 2021 2:12:16 AM org.openqa.selenium.remote.ProtocolHandshake createSession
INFORMACIÓN: Detected dialect: W3C
[Test worker] INFO net.serenitybdd.core.Serenity - 
        __    _____ _____ ____ _____   ____   _    ____  ____  _____ ____  
  _     \ \  |_   _| ____/ ___|_   _| |  _ \ / \  / ___|/ ___|| ____|  _ \ 
 (_)_____| |   | | |  _| \___ \ | |   | |_) / _ \ \___ \\___ \|  _| | | | |
  _|_____| |   | | | |___ ___) || |   |  __/ ___ \ ___) |___) | |___| |_| |
 (_)     | |   |_| |_____|____/ |_|   |_| /_/   \_\____/|____/|_____|____/ 
        /_/                                                                

TEST PASSED: consulta de Empleo
----------------------------------------------------------------------------
]]></system-err>
</testsuite>
